[2023-08-21 10:27:14Z INFO HostContext] No proxy settings were found based on environmental variables (http_proxy/https_proxy/HTTP_PROXY/HTTPS_PROXY)
[2023-08-21 10:27:14Z INFO HostContext] Well known directory 'Bin': 'D:\vs code folders\demo\demo-github-actions\express-backend\bin'
[2023-08-21 10:27:14Z INFO HostContext] Well known directory 'Root': 'D:\vs code folders\demo\demo-github-actions\express-backend'
[2023-08-21 10:27:14Z INFO HostContext] Well known config file 'Credentials': 'D:\vs code folders\demo\demo-github-actions\express-backend\.credentials'
[2023-08-21 10:27:14Z INFO HostContext] Well known directory 'Bin': 'D:\vs code folders\demo\demo-github-actions\express-backend\bin'
[2023-08-21 10:27:14Z INFO HostContext] Well known directory 'Root': 'D:\vs code folders\demo\demo-github-actions\express-backend'
[2023-08-21 10:27:14Z INFO HostContext] Well known config file 'Runner': 'D:\vs code folders\demo\demo-github-actions\express-backend\.runner'
[2023-08-21 10:27:14Z INFO Listener] Runner is built for Windows (X64) - win-x64.
[2023-08-21 10:27:14Z INFO Listener] RuntimeInformation: Microsoft Windows 10.0.22621.
[2023-08-21 10:27:15Z INFO Listener] Version: 2.307.1
[2023-08-21 10:27:15Z INFO Listener] Commit: 2a7e9ad3a7574c9c3e72b8cf7cf2e19c129d2ca8
[2023-08-21 10:27:15Z INFO Listener] Culture: en-GB
[2023-08-21 10:27:15Z INFO Listener] UI Culture: en-GB
[2023-08-21 10:27:15Z INFO HostContext] Well known directory 'Bin': 'D:\vs code folders\demo\demo-github-actions\express-backend\bin'
[2023-08-21 10:27:15Z INFO HostContext] Well known directory 'Root': 'D:\vs code folders\demo\demo-github-actions\express-backend'
[2023-08-21 10:27:15Z INFO Listener] Validating directory permissions for: 'D:\vs code folders\demo\demo-github-actions\express-backend'
[2023-08-21 10:27:15Z INFO CommandLineParser] Parse
[2023-08-21 10:27:15Z INFO CommandLineParser] Parsing 5 args
[2023-08-21 10:27:15Z INFO CommandLineParser] parsing argument
[2023-08-21 10:27:15Z INFO CommandLineParser] HasArgs: False
[2023-08-21 10:27:15Z INFO CommandLineParser] Adding Command: configure
[2023-08-21 10:27:15Z INFO CommandLineParser] parsing argument
[2023-08-21 10:27:15Z INFO CommandLineParser] HasArgs: True
[2023-08-21 10:27:15Z INFO CommandLineParser] arg: url
[2023-08-21 10:27:15Z INFO CommandLineParser] parsing argument
[2023-08-21 10:27:15Z INFO CommandLineParser] HasArgs: True
[2023-08-21 10:27:15Z INFO CommandLineParser] Adding option 'url': 'https://github.com/manishaac2002/demo-github-actions-nodejs'
[2023-08-21 10:27:15Z INFO CommandLineParser] parsing argument
[2023-08-21 10:27:15Z INFO CommandLineParser] HasArgs: True
[2023-08-21 10:27:15Z INFO CommandLineParser] arg: token
[2023-08-21 10:27:15Z INFO CommandLineParser] parsing argument
[2023-08-21 10:27:15Z INFO CommandLineParser] HasArgs: True
[2023-08-21 10:27:15Z INFO CommandLineParser] Adding option 'token': '***'
[2023-08-21 10:27:15Z INFO Listener] Arguments parsed
[2023-08-21 10:27:15Z INFO Runner] ExecuteCommand
[2023-08-21 10:27:15Z INFO ConfigurationStore] currentAssemblyLocation: D:\vs code folders\demo\demo-github-actions\express-backend\bin\Runner.Listener.dll
[2023-08-21 10:27:15Z INFO HostContext] Well known directory 'Bin': 'D:\vs code folders\demo\demo-github-actions\express-backend\bin'
[2023-08-21 10:27:15Z INFO ConfigurationStore] binPath: D:\vs code folders\demo\demo-github-actions\express-backend\bin
[2023-08-21 10:27:15Z INFO HostContext] Well known directory 'Bin': 'D:\vs code folders\demo\demo-github-actions\express-backend\bin'
[2023-08-21 10:27:15Z INFO HostContext] Well known directory 'Root': 'D:\vs code folders\demo\demo-github-actions\express-backend'
[2023-08-21 10:27:15Z INFO ConfigurationStore] RootFolder: D:\vs code folders\demo\demo-github-actions\express-backend
[2023-08-21 10:27:15Z INFO HostContext] Well known directory 'Bin': 'D:\vs code folders\demo\demo-github-actions\express-backend\bin'
[2023-08-21 10:27:15Z INFO HostContext] Well known directory 'Root': 'D:\vs code folders\demo\demo-github-actions\express-backend'
[2023-08-21 10:27:15Z INFO HostContext] Well known config file 'Runner': 'D:\vs code folders\demo\demo-github-actions\express-backend\.runner'
[2023-08-21 10:27:15Z INFO ConfigurationStore] ConfigFilePath: D:\vs code folders\demo\demo-github-actions\express-backend\.runner
[2023-08-21 10:27:15Z INFO HostContext] Well known directory 'Bin': 'D:\vs code folders\demo\demo-github-actions\express-backend\bin'
[2023-08-21 10:27:15Z INFO HostContext] Well known directory 'Root': 'D:\vs code folders\demo\demo-github-actions\express-backend'
[2023-08-21 10:27:15Z INFO HostContext] Well known config file 'Credentials': 'D:\vs code folders\demo\demo-github-actions\express-backend\.credentials'
[2023-08-21 10:27:15Z INFO ConfigurationStore] CredFilePath: D:\vs code folders\demo\demo-github-actions\express-backend\.credentials
[2023-08-21 10:27:15Z INFO HostContext] Well known directory 'Bin': 'D:\vs code folders\demo\demo-github-actions\express-backend\bin'
[2023-08-21 10:27:15Z INFO HostContext] Well known directory 'Root': 'D:\vs code folders\demo\demo-github-actions\express-backend'
[2023-08-21 10:27:15Z INFO HostContext] Well known config file 'MigratedCredentials': 'D:\vs code folders\demo\demo-github-actions\express-backend\.credentials_migrated'
[2023-08-21 10:27:15Z INFO ConfigurationStore] MigratedCredFilePath: D:\vs code folders\demo\demo-github-actions\express-backend\.credentials_migrated
[2023-08-21 10:27:15Z INFO HostContext] Well known directory 'Bin': 'D:\vs code folders\demo\demo-github-actions\express-backend\bin'
[2023-08-21 10:27:15Z INFO HostContext] Well known directory 'Root': 'D:\vs code folders\demo\demo-github-actions\express-backend'
[2023-08-21 10:27:15Z INFO HostContext] Well known config file 'Service': 'D:\vs code folders\demo\demo-github-actions\express-backend\.service'
[2023-08-21 10:27:15Z INFO ConfigurationStore] ServiceConfigFilePath: D:\vs code folders\demo\demo-github-actions\express-backend\.service
[2023-08-21 10:27:15Z INFO CommandSettings] Flag 'help': 'False'
[2023-08-21 10:27:15Z INFO CommandSettings] Flag 'version': 'False'
[2023-08-21 10:27:15Z INFO CommandSettings] Flag 'commit': 'False'
[2023-08-21 10:27:15Z INFO CommandSettings] Flag 'check': 'False'
[2023-08-21 10:27:15Z INFO CommandSettings] Command 'configure': 'True'
[2023-08-21 10:27:15Z INFO Terminal] WRITE LINE: 
[2023-08-21 10:27:15Z INFO Terminal] WRITE LINE: --------------------------------------------------------------------------------
[2023-08-21 10:27:15Z INFO Terminal] WRITE LINE: |        ____ _ _   _   _       _          _        _   _                      |
[2023-08-21 10:27:15Z INFO Terminal] WRITE LINE: |       / ___(_) |_| | | |_   _| |__      / \   ___| |_(_) ___  _ __  ___      |
[2023-08-21 10:27:15Z INFO Terminal] WRITE LINE: |      | |  _| | __| |_| | | | | '_ \    / _ \ / __| __| |/ _ \| '_ \/ __|     |
[2023-08-21 10:27:15Z INFO Terminal] WRITE LINE: |      | |_| | | |_|  _  | |_| | |_) |  / ___ \ (__| |_| | (_) | | | \__ \     |
[2023-08-21 10:27:15Z INFO Terminal] WRITE LINE: |       \____|_|\__|_| |_|\__,_|_.__/  /_/   \_\___|\__|_|\___/|_| |_|___/     |
[2023-08-21 10:27:15Z INFO Terminal] WRITE LINE: |                                                                              |
[2023-08-21 10:27:15Z INFO Terminal] WRITE: |                       
[2023-08-21 10:27:15Z INFO Terminal] WRITE: Self-hosted runner registration
[2023-08-21 10:27:15Z INFO Terminal] WRITE LINE:                         |
[2023-08-21 10:27:15Z INFO Terminal] WRITE LINE: |                                                                              |
[2023-08-21 10:27:15Z INFO Terminal] WRITE LINE: --------------------------------------------------------------------------------
[2023-08-21 10:27:15Z INFO ConfigurationManager] ConfigureAsync
[2023-08-21 10:27:15Z INFO CommandSettings] Flag 'generateServiceConfig': 'False'
[2023-08-21 10:27:15Z INFO ConfigurationStore] IsConfigured()
[2023-08-21 10:27:15Z INFO ConfigurationStore] IsConfigured: False
[2023-08-21 10:27:15Z INFO ConfigurationManager] Is configured: False
[2023-08-21 10:27:15Z INFO CommandSettings] Arg 'url': 'https://github.com/manishaac2002/demo-github-actions-nodejs'
[2023-08-21 10:27:15Z INFO CommandSettings] Remove url from Arg dictionary.
[2023-08-21 10:27:15Z INFO CommandSettings] Arg 'token': '***'
[2023-08-21 10:27:15Z INFO CommandSettings] Remove token from Arg dictionary.
[2023-08-21 10:27:19Z INFO ConfigurationManager] Http response code: OK from 'POST https://api.github.com/actions/runner-registration' (D352:C981A:FF87E4:1191454:64E33C04)
[2023-08-21 10:27:19Z INFO ConfigurationManager] Using V2 flow: False
[2023-08-21 10:27:19Z INFO ConfigurationManager] cred retrieved via GitHub auth
[2023-08-21 10:27:19Z INFO RunnerServer] EstablishVssConnection
[2023-08-21 10:27:19Z INFO RunnerServer] Establish connection with 100 seconds timeout.
[2023-08-21 10:27:19Z INFO GitHubActionsService] Starting operation Location.GetConnectionData
[2023-08-21 10:27:19Z INFO RunnerServer] EstablishVssConnection
[2023-08-21 10:27:19Z INFO RunnerServer] Establish connection with 60 seconds timeout.
[2023-08-21 10:27:19Z INFO GitHubActionsService] Starting operation Location.GetConnectionData
[2023-08-21 10:27:19Z INFO RunnerServer] EstablishVssConnection
[2023-08-21 10:27:19Z INFO RunnerServer] Establish connection with 60 seconds timeout.
[2023-08-21 10:27:19Z INFO GitHubActionsService] Starting operation Location.GetConnectionData
[2023-08-21 10:27:19Z INFO GitHubActionsService] Finished operation Location.GetConnectionData
[2023-08-21 10:27:20Z INFO GitHubActionsService] Finished operation Location.GetConnectionData
[2023-08-21 10:27:20Z INFO GitHubActionsService] Finished operation Location.GetConnectionData
[2023-08-21 10:27:20Z INFO Terminal] WRITE LINE: 
[2023-08-21 10:27:20Z INFO ConfigurationManager] Test Connection complete.
[2023-08-21 10:27:20Z INFO HostContext] Well known directory 'Bin': 'D:\vs code folders\demo\demo-github-actions\express-backend\bin'
[2023-08-21 10:27:20Z INFO HostContext] Well known directory 'Root': 'D:\vs code folders\demo\demo-github-actions\express-backend'
[2023-08-21 10:27:20Z INFO HostContext] Well known config file 'RSACredentials': 'D:\vs code folders\demo\demo-github-actions\express-backend\.credentials_rsaparams'
[2023-08-21 10:27:20Z INFO RSAEncryptedFileKeyManager] Creating new RSA key using 2048-bit key length
[2023-08-21 10:27:20Z INFO RSAEncryptedFileKeyManager] Successfully saved RSA key parameters to file D:\vs code folders\demo\demo-github-actions\express-backend\.credentials_rsaparams
[2023-08-21 10:27:21Z INFO CommandSettings] Arg 'runnergroup': ''
[2023-08-21 10:27:21Z INFO CommandSettings] Flag 'unattended': 'False'
[2023-08-21 10:27:21Z INFO PromptManager] ReadValue
[2023-08-21 10:27:21Z INFO Terminal] WRITE: Enter the name of the runner group to add this runner to: 
[2023-08-21 10:27:21Z INFO Terminal] WRITE: [press Enter for Default] 
[2023-08-21 10:27:21Z INFO Terminal] READ LINE
[2023-08-21 10:27:26Z INFO Terminal] Read value: ''
[2023-08-21 10:27:26Z INFO PromptManager] Falling back to the default: 'Default'
[2023-08-21 10:27:26Z INFO Terminal] WRITE LINE: 
[2023-08-21 10:27:26Z INFO ConfigurationManager] Found a self-hosted runner group with id 1 and name Default
[2023-08-21 10:27:26Z INFO CommandSettings] Flag 'disableupdate': 'False'
[2023-08-21 10:27:26Z INFO CommandSettings] Flag 'ephemeral': 'False'
[2023-08-21 10:27:26Z INFO CommandSettings] Arg 'name': ''
[2023-08-21 10:27:26Z INFO CommandSettings] Flag 'unattended': 'False'
[2023-08-21 10:27:26Z INFO PromptManager] ReadValue
[2023-08-21 10:27:26Z INFO Terminal] WRITE: Enter the name of runner: 
[2023-08-21 10:27:26Z INFO Terminal] WRITE: [press Enter for DESKTOP-G9RS0OR] 
[2023-08-21 10:27:26Z INFO Terminal] READ LINE
[2023-08-21 10:27:34Z INFO Terminal] Read value: 'expressjs-app'
[2023-08-21 10:27:34Z INFO Terminal] WRITE LINE: 
[2023-08-21 10:27:34Z INFO CommandSettings] Arg 'labels': ''
[2023-08-21 10:27:34Z INFO CommandSettings] Flag 'unattended': 'False'
[2023-08-21 10:27:34Z INFO PromptManager] ReadValue
[2023-08-21 10:27:34Z INFO Terminal] WRITE: This runner will have the following labels: 'self-hosted', 'Windows', 'X64' 
Enter any additional labels (ex. label-1,label-2): 
[2023-08-21 10:27:34Z INFO Terminal] WRITE: [press Enter to skip] 
[2023-08-21 10:27:34Z INFO Terminal] READ LINE
[2023-08-21 10:27:38Z INFO Terminal] Read value: ''
[2023-08-21 10:27:38Z INFO Terminal] WRITE LINE: 
[2023-08-21 10:27:38Z INFO CommandSettings] Flag 'disableupdate': 'False'
[2023-08-21 10:27:38Z INFO CommandSettings] Flag 'no-default-labels': 'False'
[2023-08-21 10:27:39Z INFO CommandSettings] Flag 'disableupdate': 'False'
[2023-08-21 10:27:39Z INFO CommandSettings] Flag 'ephemeral': 'False'
[2023-08-21 10:27:39Z INFO ConfigurationStore] Saving OAuth credential @ D:\vs code folders\demo\demo-github-actions\express-backend\.credentials
[2023-08-21 10:27:39Z INFO ConfigurationStore] Credentials Saved.
[2023-08-21 10:27:39Z INFO ConfigurationStore] HasCredentials()
[2023-08-21 10:27:39Z INFO ConfigurationStore] stored True
[2023-08-21 10:27:39Z INFO CredentialManager] GetCredentialProvider
[2023-08-21 10:27:39Z INFO CredentialManager] Creating type OAuth
[2023-08-21 10:27:39Z INFO CredentialManager] Creating credential type: OAuth
[2023-08-21 10:27:39Z INFO RSAEncryptedFileKeyManager] Loading RSA key parameters from file D:\vs code folders\demo\demo-github-actions\express-backend\.credentials_rsaparams
[2023-08-21 10:27:39Z INFO RunnerServer] EstablishVssConnection
[2023-08-21 10:27:39Z INFO RunnerServer] Establish connection with 100 seconds timeout.
[2023-08-21 10:27:39Z INFO GitHubActionsService] Starting operation Location.GetConnectionData
[2023-08-21 10:27:39Z INFO RunnerServer] EstablishVssConnection
[2023-08-21 10:27:39Z INFO RunnerServer] Establish connection with 60 seconds timeout.
[2023-08-21 10:27:39Z INFO GitHubActionsService] Starting operation Location.GetConnectionData
[2023-08-21 10:27:39Z INFO RunnerServer] EstablishVssConnection
[2023-08-21 10:27:39Z INFO RunnerServer] Establish connection with 60 seconds timeout.
[2023-08-21 10:27:39Z INFO GitHubActionsService] Starting operation Location.GetConnectionData
[2023-08-21 10:27:40Z INFO GitHubActionsService] Finished operation Location.GetConnectionData
[2023-08-21 10:27:41Z INFO GitHubActionsService] Finished operation Location.GetConnectionData
[2023-08-21 10:27:41Z INFO GitHubActionsService] Finished operation Location.GetConnectionData
[2023-08-21 10:27:41Z INFO RSAEncryptedFileKeyManager] Loading RSA key parameters from file D:\vs code folders\demo\demo-github-actions\express-backend\.credentials_rsaparams
[2023-08-21 10:27:41Z INFO RSAEncryptedFileKeyManager] Loading RSA key parameters from file D:\vs code folders\demo\demo-github-actions\express-backend\.credentials_rsaparams
[2023-08-21 10:27:42Z INFO GitHubActionsService] AAD Correlation ID for this token request: Unknown
[2023-08-21 10:27:42Z INFO CommandSettings] Arg 'work': ''
[2023-08-21 10:27:42Z INFO CommandSettings] Flag 'unattended': 'False'
[2023-08-21 10:27:42Z INFO PromptManager] ReadValue
[2023-08-21 10:27:42Z INFO Terminal] WRITE: Enter name of work folder: 
[2023-08-21 10:27:42Z INFO Terminal] WRITE: [press Enter for _work] 
[2023-08-21 10:27:42Z INFO Terminal] READ LINE
[2023-08-21 10:27:57Z INFO Terminal] Read value: 'expressjs-backend'
[2023-08-21 10:27:57Z INFO ConfigurationStore] Saving runner settings.
[2023-08-21 10:27:57Z INFO ConfigurationStore] Settings Saved.
[2023-08-21 10:27:57Z INFO Terminal] WRITE LINE: 
[2023-08-21 10:27:57Z INFO Terminal] WRITE LINE: 
[2023-08-21 10:27:57Z INFO CommandSettings] Flag 'runasservice': 'False'
[2023-08-21 10:27:57Z INFO CommandSettings] Flag 'unattended': 'False'
[2023-08-21 10:27:57Z INFO PromptManager] ReadValue
[2023-08-21 10:27:57Z INFO Terminal] WRITE: Would you like to run the runner as service? (Y/N) 
[2023-08-21 10:27:57Z INFO Terminal] WRITE: [press Enter for N] 
[2023-08-21 10:27:57Z INFO Terminal] READ LINE
[2023-08-21 10:28:01Z INFO Terminal] Read value: ''
[2023-08-21 10:28:01Z INFO PromptManager] Falling back to the default: 'N'
[2023-08-21 10:28:01Z INFO Listener] Runner execution has finished with return code 0
